1652496024721	geckodriver	INFO	Listening on 127.0.0.1:54663
1652496027777	mozrunner::runner	INFO	Running command: "C:\\Program Files\\Mozilla Firefox\\firefox.exe" "--marionette" "--remote-debugging-port" "54664" "--remote-allow-hosts" "localhost" "-no-remote" "-profile" "C:\\Users\\Alvaro\\AppData\\Local\\Temp\\rust_mozprofilei7CLPp"
1652496028235	Marionette	INFO	Marionette enabled
console.warn: SearchSettings: "get: No settings file exists, new profile?" (new NotFoundError("Could not open the file at C:\\Users\\Alvaro\\AppData\\Local\\Temp\\rust_mozprofilei7CLPp\\search.json.mozlz4", (void 0)))
DevTools listening on ws://localhost:54664/devtools/browser/b67f0f92-7b42-49c3-8d25-61be2242cdf8
1652496031210	Marionette	INFO	Listening on port 54691
Read port: 54691
1652496031267	RemoteAgent	WARN	TLS certificate errors will be ignored for this session
1652496039469	Marionette	INFO	Stopped listening on port 54691

###!!! [Parent][PContentParent] Error: Send(msgname=PContent::Reply_DiscardBrowsingContext) Closed channel: cannot send/recv


###!!! [Child][PContentChild] Error: Send(msgname=PHttpChannel::Msg_DeletingChannel) Channel closing: too late to send/recv, messages will be lost


###!!! [Parent][PContentParent] Error: Send(msgname=PContent::Msg_DestroyBrowsingContextGroup) Closed channel: cannot send/recv

JavaScript error: resource://gre/modules/Sqlite.jsm, line 1105: Error: Sqlite.jsm has been shutdown. Cannot open connection to: C:\Users\Alvaro\AppData\Local\Temp\rust_mozprofilei7CLPp\protections.sqlite

###!!! [Child][PContentChild] Error: RunMessage(msgname=PContent::Msg_DiscardBrowsingContext) Channel closing: too late to send/recv, messages will be lost


###!!! [Child][PContentChild] Error: RunMessage(msgname=PHttpChannel::Msg_FailedAsyncOpen) Channel closing: too late to send/recv, messages will be lost


###!!! [Child][PContentChild] Error: RunMessage(msgname=PContent::Reply_DiscardBrowsingContext) Channel closing: too late to send/recv, messages will be lost


###!!! [Child][PContentChild] Error: RunMessage(msgname=PHttpChannel::Msg_DeleteSelf) Channel closing: too late to send/recv, messages will be lost


###!!! [Child][PContentChild] Error: RunMessage(msgname=PHttpChannel::Msg_DeleteSelf) Channel closing: too late to send/recv, messages will be lost


###!!! [Child][PContentChild] Error: RunMessage(msgname=PHttpChannel::Msg_DeleteSelf) Channel closing: too late to send/recv, messages will be lost


###!!! [Child][PContentChild] Error: RunMessage(msgname=PHttpChannel::Msg_DeleteSelf) Channel closing: too late to send/recv, messages will be lost

1652496062915	geckodriver	INFO	Listening on 127.0.0.1:54767
1652496065979	mozrunner::runner	INFO	Running command: "C:\\Program Files\\Mozilla Firefox\\firefox.exe" "--marionette" "--remote-debugging-port" "54768" "--remote-allow-hosts" "localhost" "-no-remote" "-profile" "C:\\Users\\Alvaro\\AppData\\Local\\Temp\\rust_mozprofile6yNxsj"
1652496066347	Marionette	INFO	Marionette enabled
console.warn: SearchSettings: "get: No settings file exists, new profile?" (new NotFoundError("Could not open the file at C:\\Users\\Alvaro\\AppData\\Local\\Temp\\rust_mozprofile6yNxsj\\search.json.mozlz4", (void 0)))
DevTools listening on ws://localhost:54768/devtools/browser/b0751b6e-ab3e-43c8-83ea-6ca571ae2c52
1652496069028	Marionette	INFO	Listening on port 54791
Read port: 54791
1652496069098	RemoteAgent	WARN	TLS certificate errors will be ignored for this session
1652496076288	Marionette	INFO	Stopped listening on port 54791

###!!! [Parent][PContentParent] Error: Send(msgname=PContent::Reply_DiscardBrowsingContext) Closed channel: cannot send/recv


###!!! [Child][PContentChild] Error: Send(msgname=PHttpChannel::Msg_DeletingChannel) Channel closing: too late to send/recv, messages will be lost


###!!! [Child][PContentChild] Error: Send(msgname=PHttpChannel::Msg_RemoveCorsPreflightCacheEntry) Channel closing: too late to send/recv, messages will be lost


###!!! [Child][PContentChild] Error: Send(msgname=PHttpChannel::Msg_DeletingChannel) Channel closing: too late to send/recv, messages will be lost


###!!! [Child][PContentChild] Error: Send(msgname=PHttpChannel::Msg_RemoveCorsPreflightCacheEntry) Channel closing: too late to send/recv, messages will be lost


###!!! [Child][PContentChild] Error: Send(msgname=PHttpChannel::Msg_DeletingChannel) Channel closing: too late to send/recv, messages will be lost


###!!! [Child][PContentChild] Error: Send(msgname=PHttpChannel::Msg_Cancel) Channel closing: too late to send/recv, messages will be lost


###!!! [Child][PContentChild] Error: Send(msgname=PHttpChannel::Msg_DeletingChannel) Channel closing: too late to send/recv, messages will be lost


###!!! [Child][PContentChild] Error: Send(msgname=PHttpChannel::Msg_Cancel) Channel closing: too late to send/recv, messages will be lost


###!!! [Child][PContentChild] Error: Send(msgname=PHttpChannel::Msg_DeletingChannel) Channel closing: too late to send/recv, messages will be lost


###!!! [Parent][PContentParent] Error: Send(msgname=PContent::Msg_DestroyBrowsingContextGroup) Closed channel: cannot send/recv

JavaScript error: resource://gre/modules/Sqlite.jsm, line 1105: Error: Sqlite.jsm has been shutdown. Cannot open connection to: C:\Users\Alvaro\AppData\Local\Temp\rust_mozprofile6yNxsj\protections.sqlite

###!!! [Child][PContentChild] Error: RunMessage(msgname=PContent::Msg_DiscardBrowsingContext) Channel closing: too late to send/recv, messages will be lost


###!!! [Child][PContentChild] Error: RunMessage(msgname=PContent::Reply_DiscardBrowsingContext) Channel closing: too late to send/recv, messages will be lost


###!!! [Child][PContentChild] Error: Send(msgname=PContent::Msg_ScriptError) Channel closing: too late to send/recv, messages will be lost


###!!! [Parent][PGPUParent] Error: RunMessage(msgname=PGPU::Msg_ShutdownVR) Channel closing: too late to send/recv, messages will be lost

1652496104764	geckodriver	INFO	Listening on 127.0.0.1:54876
1652496107820	mozrunner::runner	INFO	Running command: "C:\\Program Files\\Mozilla Firefox\\firefox.exe" "--marionette" "--remote-debugging-port" "54877" "--remote-allow-hosts" "localhost" "-no-remote" "-profile" "C:\\Users\\Alvaro\\AppData\\Local\\Temp\\rust_mozprofile2e4HQ1"
1652496108166	Marionette	INFO	Marionette enabled
console.warn: SearchSettings: "get: No settings file exists, new profile?" (new NotFoundError("Could not open the file at C:\\Users\\Alvaro\\AppData\\Local\\Temp\\rust_mozprofile2e4HQ1\\search.json.mozlz4", (void 0)))
DevTools listening on ws://localhost:54877/devtools/browser/e5adcfe7-898a-4566-91f7-7fe65f584c5e
1652496110904	Marionette	INFO	Listening on port 54899
Read port: 54899
1652496110979	RemoteAgent	WARN	TLS certificate errors will be ignored for this session
1652496117486	Marionette	WARN	Ignoring event 'pageshow' because document has an invalid readyState of 'interactive'.
1652496156478	Marionette	INFO	Stopped listening on port 54899

###!!! [Parent][PContentParent] Error: Send(msgname=PContent::Reply_DiscardBrowsingContext) Closed channel: cannot send/recv


###!!! [Child][PContentChild] Error: Send(msgname=PContent::Msg_ScriptError) Channel closing: too late to send/recv, messages will be lost


###!!! [Parent][PContentParent] Error: Send(msgname=PContent::Reply_DiscardBrowsingContext) Closed channel: cannot send/recv


###!!! [Child][PContentChild] Error: RunMessage(msgname=PHttpChannel::Msg_FailedAsyncOpen) Channel closing: too late to send/recv, messages will be lost


###!!! [Parent][PContentParent] Error: Send(msgname=PContent::Msg_DestroyBrowsingContextGroup) Closed channel: cannot send/recv


###!!! [Child][PContentChild] Error: RunMessage(msgname=PContent::Msg_DiscardBrowsingContext) Channel closing: too late to send/recv, messages will be lost


###!!! [Child][PContentChild] Error: RunMessage(msgname=PContent::Msg_DiscardBrowsingContext) Channel closing: too late to send/recv, messages will be lost


###!!! [Child][PContentChild] Error: RunMessage(msgname=PContent::Reply_DiscardBrowsingContext) Channel closing: too late to send/recv, messages will be lost


###!!! [Child][PContentChild] Error: RunMessage(msgname=PHttpChannel::Msg_DeleteSelf) Channel closing: too late to send/recv, messages will be lost

JavaScript error: resource://gre/modules/Sqlite.jsm, line 1105: Error: Sqlite.jsm has been shutdown. Cannot open connection to: C:\Users\Alvaro\AppData\Local\Temp\rust_mozprofile2e4HQ1\protections.sqlite
1652496198561	geckodriver	INFO	Listening on 127.0.0.1:54989
1652496201616	mozrunner::runner	INFO	Running command: "C:\\Program Files\\Mozilla Firefox\\firefox.exe" "--marionette" "--remote-debugging-port" "54990" "--remote-allow-hosts" "localhost" "-no-remote" "-profile" "C:\\Users\\Alvaro\\AppData\\Local\\Temp\\rust_mozprofilenoGy6m"
1652496201980	Marionette	INFO	Marionette enabled
console.warn: SearchSettings: "get: No settings file exists, new profile?" (new NotFoundError("Could not open the file at C:\\Users\\Alvaro\\AppData\\Local\\Temp\\rust_mozprofilenoGy6m\\search.json.mozlz4", (void 0)))
DevTools listening on ws://localhost:54990/devtools/browser/e89cabd6-017b-4ce8-9d2e-d7a2226d0a95
1652496204235	Marionette	INFO	Listening on port 55014
Read port: 55014
1652496204290	RemoteAgent	WARN	TLS certificate errors will be ignored for this session
1652496208592	Marionette	WARN	Ignoring event 'pageshow' because document has an invalid readyState of 'interactive'.
1652496217672	Marionette	INFO	Stopped listening on port 55014

###!!! [Parent][PContentParent] Error: Send(msgname=PContent::Reply_DiscardBrowsingContext) Closed channel: cannot send/recv


###!!! [Parent][PContentParent] Error: Send(msgname=PContent::Reply_DiscardBrowsingContext) Closed channel: cannot send/recv


###!!! [Child][PContentChild] Error: Send(msgname=PHttpChannel::Msg_DeletingChannel) Channel closing: too late to send/recv, messages will be lost


###!!! [Child][PContentChild] Error: Send(msgname=PContent::Msg_ScriptError) Channel closing: too late to send/recv, messages will be lost


###!!! [Child][PContentChild] Error: RunMessage(msgname=PHttpChannel::Msg_FailedAsyncOpen) Channel closing: too late to send/recv, messages will be lost


###!!! [Child][PContentChild] Error: Send(msgname=PContent::Msg_ScriptError) Channel closing: too late to send/recv, messages will be lost


###!!! [Child][PContentChild] Error: RunMessage(msgname=PHttpChannel::Msg_FailedAsyncOpen) Channel closing: too late to send/recv, messages will be lost


###!!! [Child][PContentChild] Error: RunMessage(msgname=PContent::Msg_DiscardBrowsingContext) Channel closing: too late to send/recv, messages will be lost


###!!! [Child][PContentChild] Error: RunMessage(msgname=PContent::Msg_DiscardBrowsingContext) Channel closing: too late to send/recv, messages will be lost


###!!! [Child][PContentChild] Error: RunMessage(msgname=PContent::Reply_DiscardBrowsingContext) Channel closing: too late to send/recv, messages will be lost


###!!! [Parent][PContentParent] Error: Send(msgname=PContent::Msg_DestroyBrowsingContextGroup) Closed channel: cannot send/recv

JavaScript error: resource://gre/modules/Sqlite.jsm, line 1105: Error: Sqlite.jsm has been shutdown. Cannot open connection to: C:\Users\Alvaro\AppData\Local\Temp\rust_mozprofilenoGy6m\protections.sqlite
1652496252841	geckodriver	INFO	Listening on 127.0.0.1:55110
1652496255890	mozrunner::runner	INFO	Running command: "C:\\Program Files\\Mozilla Firefox\\firefox.exe" "--marionette" "--remote-debugging-port" "55111" "--remote-allow-hosts" "localhost" "-no-remote" "-profile" "C:\\Users\\Alvaro\\AppData\\Local\\Temp\\rust_mozprofileXbBgxK"
1652496256247	Marionette	INFO	Marionette enabled
console.warn: SearchSettings: "get: No settings file exists, new profile?" (new NotFoundError("Could not open the file at C:\\Users\\Alvaro\\AppData\\Local\\Temp\\rust_mozprofileXbBgxK\\search.json.mozlz4", (void 0)))
DevTools listening on ws://localhost:55111/devtools/browser/53c0f2c1-4d4f-4684-b5c8-432fd9c1e20a
1652496258557	Marionette	INFO	Listening on port 55136
Read port: 55136
1652496258635	RemoteAgent	WARN	TLS certificate errors will be ignored for this session
1652496264031	Marionette	WARN	Ignoring event 'pageshow' because document has an invalid readyState of 'interactive'.
1652496296470	Marionette	INFO	Stopped listening on port 55136

###!!! [Parent][PContentParent] Error: Send(msgname=PContent::Reply_DiscardBrowsingContext) Closed channel: cannot send/recv


###!!! [Parent][PContentParent] Error: Send(msgname=PContent::Reply_DiscardBrowsingContext) Closed channel: cannot send/recv


###!!! [Parent][PContentParent] Error: Send(msgname=PContent::Msg_DestroyBrowsingContextGroup) Closed channel: cannot send/recv

JavaScript error: resource://gre/modules/Sqlite.jsm, line 1105: Error: Sqlite.jsm has been shutdown. Cannot open connection to: C:\Users\Alvaro\AppData\Local\Temp\rust_mozprofileXbBgxK\protections.sqlite
1652496329491	geckodriver	INFO	Listening on 127.0.0.1:55253
1652496332539	mozrunner::runner	INFO	Running command: "C:\\Program Files\\Mozilla Firefox\\firefox.exe" "--marionette" "--remote-debugging-port" "55254" "--remote-allow-hosts" "localhost" "-no-remote" "-profile" "C:\\Users\\Alvaro\\AppData\\Local\\Temp\\rust_mozprofiletLNQsb"
1652496333332	Marionette	INFO	Marionette enabled
console.warn: SearchSettings: "get: No settings file exists, new profile?" (new NotFoundError("Could not open the file at C:\\Users\\Alvaro\\AppData\\Local\\Temp\\rust_mozprofiletLNQsb\\search.json.mozlz4", (void 0)))
DevTools listening on ws://localhost:55254/devtools/browser/5e64840e-fcd5-42c6-ad1c-e9a54d36c302
1652496339296	Marionette	INFO	Listening on port 55287
Read port: 55287
1652496339380	RemoteAgent	WARN	TLS certificate errors will be ignored for this session
1652496344479	Marionette	WARN	Ignoring event 'pageshow' because document has an invalid readyState of 'interactive'.
1652496376788	geckodriver	INFO	Listening on 127.0.0.1:55388
1652496379829	mozrunner::runner	INFO	Running command: "C:\\Program Files\\Mozilla Firefox\\firefox.exe" "--marionette" "--remote-debugging-port" "55389" "--remote-allow-hosts" "localhost" "-no-remote" "-profile" "C:\\Users\\Alvaro\\AppData\\Local\\Temp\\rust_mozprofileMNC8H8"
1652496380243	Marionette	INFO	Marionette enabled
console.warn: SearchSettings: "get: No settings file exists, new profile?" (new NotFoundError("Could not open the file at C:\\Users\\Alvaro\\AppData\\Local\\Temp\\rust_mozprofileMNC8H8\\search.json.mozlz4", (void 0)))
DevTools listening on ws://localhost:55389/devtools/browser/95a679dc-b9a6-43d1-8539-90e067fa21ba
1652496383039	Marionette	INFO	Listening on port 55415
Read port: 55415
1652496383162	RemoteAgent	WARN	TLS certificate errors will be ignored for this session
1652496398752	Marionette	INFO	Stopped listening on port 55415
1652496406848	geckodriver	INFO	Listening on 127.0.0.1:55492
1652496409916	mozrunner::runner	INFO	Running command: "C:\\Program Files\\Mozilla Firefox\\firefox.exe" "--marionette" "--remote-debugging-port" "55493" "--remote-allow-hosts" "localhost" "-no-remote" "-profile" "C:\\Users\\Alvaro\\AppData\\Local\\Temp\\rust_mozprofileK5Ar7l"
1652496410406	Marionette	INFO	Marionette enabled
console.warn: SearchSettings: "get: No settings file exists, new profile?" (new NotFoundError("Could not open the file at C:\\Users\\Alvaro\\AppData\\Local\\Temp\\rust_mozprofileK5Ar7l\\search.json.mozlz4", (void 0)))
DevTools listening on ws://localhost:55493/devtools/browser/45e3ce29-5303-4289-9434-a9c888c045b3
1652496413732	Marionette	INFO	Listening on port 55518
Read port: 55518
1652496413821	RemoteAgent	WARN	TLS certificate errors will be ignored for this session
1652496419903	Marionette	INFO	Stopped listening on port 55518

###!!! [Parent][PContentParent] Error: Send(msgname=PContent::Reply_DiscardBrowsingContext) Closed channel: cannot send/recv


###!!! [Child][PContentChild] Error: Send(msgname=PHttpChannel::Msg_DeletingChannel) Channel closing: too late to send/recv, messages will be lost


###!!! [Child][PContentChild] Error: Send(msgname=PHttpChannel::Msg_DeletingChannel) Channel closing: too late to send/recv, messages will be lost


###!!! [Child][PContentChild] Error: Send(msgname=PHttpChannel::Msg_Cancel) Channel closing: too late to send/recv, messages will be lost


###!!! [Child][PContentChild] Error: Send(msgname=PHttpChannel::Msg_DeletingChannel) Channel closing: too late to send/recv, messages will be lost


###!!! [Child][PContentChild] Error: Send(msgname=PHttpChannel::Msg_Cancel) Channel closing: too late to send/recv, messages will be lost


###!!! [Child][PContentChild] Error: Send(msgname=PHttpChannel::Msg_DeletingChannel) Channel closing: too late to send/recv, messages will be lost


###!!! [Child][PContentChild] Error: Send(msgname=PHttpChannel::Msg_Cancel) Channel closing: too late to send/recv, messages will be lost


###!!! [Child][PContentChild] Error: Send(msgname=PHttpChannel::Msg_DeletingChannel) Channel closing: too late to send/recv, messages will be lost


###!!! [Parent][PContentParent] Error: Send(msgname=PContent::Msg_DestroyBrowsingContextGroup) Closed channel: cannot send/recv


###!!! [Child][PContentChild] Error: RunMessage(msgname=PContent::Msg_DiscardBrowsingContext) Channel closing: too late to send/recv, messages will be lost


###!!! [Child][PContentChild] Error: RunMessage(msgname=PContent::Reply_DiscardBrowsingContext) Channel closing: too late to send/recv, messages will be lost


###!!! [Child][PContentChild] Error: RunMessage(msgname=PHttpChannel::Msg_DeleteSelf) Channel closing: too late to send/recv, messages will be lost


###!!! [Child][PContentChild] Error: RunMessage(msgname=PHttpChannel::Msg_DeleteSelf) Channel closing: too late to send/recv, messages will be lost

JavaScript error: resource://gre/modules/Sqlite.jsm, line 1105: Error: Sqlite.jsm has been shutdown. Cannot open connection to: C:\Users\Alvaro\AppData\Local\Temp\rust_mozprofileK5Ar7l\protections.sqlite
1652496444679	geckodriver	INFO	Listening on 127.0.0.1:55608
1652496447744	mozrunner::runner	INFO	Running command: "C:\\Program Files\\Mozilla Firefox\\firefox.exe" "--marionette" "--remote-debugging-port" "55609" "--remote-allow-hosts" "localhost" "-no-remote" "-profile" "C:\\Users\\Alvaro\\AppData\\Local\\Temp\\rust_mozprofilexVmSPo"
1652496448119	Marionette	INFO	Marionette enabled
console.warn: SearchSettings: "get: No settings file exists, new profile?" (new NotFoundError("Could not open the file at C:\\Users\\Alvaro\\AppData\\Local\\Temp\\rust_mozprofilexVmSPo\\search.json.mozlz4", (void 0)))
DevTools listening on ws://localhost:55609/devtools/browser/d981faaa-e937-4c8f-becb-b18589a8ad01
1652496450907	Marionette	INFO	Listening on port 55637
Read port: 55637
1652496450997	RemoteAgent	WARN	TLS certificate errors will be ignored for this session
1652496455763	Marionette	WARN	Ignoring event 'pageshow' because document has an invalid readyState of 'interactive'.
1652496458083	Marionette	INFO	Stopped listening on port 55637

###!!! [Parent][PContentParent] Error: Send(msgname=PContent::Reply_DiscardBrowsingContext) Closed channel: cannot send/recv


###!!! [Parent][PContentParent] Error: Send(msgname=PContent::Reply_DiscardBrowsingContext) Closed channel: cannot send/recv


###!!! [Parent][PContentParent] Error: Send(msgname=PContent::Msg_DestroyBrowsingContextGroup) Closed channel: cannot send/recv


###!!! [Child][PContentChild] Error: RunMessage(msgname=PContent::Msg_DiscardBrowsingContext) Channel closing: too late to send/recv, messages will be lost

JavaScript error: resource://gre/modules/Sqlite.jsm, line 1105: Error: Sqlite.jsm has been shutdown. Cannot open connection to: C:\Users\Alvaro\AppData\Local\Temp\rust_mozprofilexVmSPo\protections.sqlite

###!!! [Child][PContentChild] Error: RunMessage(msgname=PContent::Msg_DiscardBrowsingContext) Channel closing: too late to send/recv, messages will be lost


###!!! [Child][PContentChild] Error: RunMessage(msgname=PContent::Reply_DiscardBrowsingContext) Channel closing: too late to send/recv, messages will be lost


###!!! [Child][PContentChild] Error: RunMessage(msgname=PHttpChannel::Msg_DeleteSelf) Channel closing: too late to send/recv, messages will be lost


###!!! [Child][PContentChild] Error: RunMessage(msgname=PHttpChannel::Msg_DeleteSelf) Channel closing: too late to send/recv, messages will be lost


###!!! [Child][PContentChild] Error: RunMessage(msgname=PHttpChannel::Msg_DeleteSelf) Channel closing: too late to send/recv, messages will be lost

1652497792538	geckodriver	INFO	Listening on 127.0.0.1:56226
1652497795612	mozrunner::runner	INFO	Running command: "C:\\Program Files\\Mozilla Firefox\\firefox.exe" "--marionette" "--remote-debugging-port" "56227" "--remote-allow-hosts" "localhost" "-no-remote" "-profile" "C:\\Users\\Alvaro\\AppData\\Local\\Temp\\rust_mozprofile9OXUtx"
1652497795993	Marionette	INFO	Marionette enabled
console.warn: SearchSettings: "get: No settings file exists, new profile?" (new NotFoundError("Could not open the file at C:\\Users\\Alvaro\\AppData\\Local\\Temp\\rust_mozprofile9OXUtx\\search.json.mozlz4", (void 0)))
DevTools listening on ws://localhost:56227/devtools/browser/c410415a-b5e4-4861-aaee-e79c56c5fc06
1652497798476	Marionette	INFO	Listening on port 56249
Read port: 56249
1652497798611	RemoteAgent	WARN	TLS certificate errors will be ignored for this session
1652497803569	Marionette	WARN	Ignoring event 'pageshow' because document has an invalid readyState of 'interactive'.
1652497805411	Marionette	INFO	Stopped listening on port 56249

###!!! [Parent][PContentParent] Error: Send(msgname=PContent::Reply_DiscardBrowsingContext) Closed channel: cannot send/recv


###!!! [Parent][PContentParent] Error: Send(msgname=PContent::Reply_DiscardBrowsingContext) Closed channel: cannot send/recv


###!!! [Parent][PContentParent] Error: Send(msgname=PContent::Msg_DestroyBrowsingContextGroup) Closed channel: cannot send/recv

JavaScript error: resource://gre/modules/Sqlite.jsm, line 1105: Error: Sqlite.jsm has been shutdown. Cannot open connection to: C:\Users\Alvaro\AppData\Local\Temp\rust_mozprofile9OXUtx\protections.sqlite

###!!! [Child][PContentChild] Error: Send(msgname=PHttpChannel::Msg_Cancel) Channel closing: too late to send/recv, messages will be lost


###!!! [Child][PContentChild] Error: Send(msgname=PHttpChannel::Msg_DeletingChannel) Channel closing: too late to send/recv, messages will be lost


###!!! [Child][PContentChild] Error: Send(msgname=PHttpChannel::Msg_Cancel) Channel closing: too late to send/recv, messages will be lost


###!!! [Child][PContentChild] Error: Send(msgname=PHttpChannel::Msg_DeletingChannel) Channel closing: too late to send/recv, messages will be lost


###!!! [Child][PContentChild] Error: Send(msgname=PHttpChannel::Msg_Cancel) Channel closing: too late to send/recv, messages will be lost


###!!! [Child][PContentChild] Error: Send(msgname=PHttpChannel::Msg_DeletingChannel) Channel closing: too late to send/recv, messages will be lost


###!!! [Child][PContentChild] Error: RunMessage(msgname=PContent::Msg_DiscardBrowsingContext) Channel closing: too late to send/recv, messages will be lost


###!!! [Child][PContentChild] Error: RunMessage(msgname=PContent::Msg_DiscardBrowsingContext) Channel closing: too late to send/recv, messages will be lost


###!!! [Child][PContentChild] Error: RunMessage(msgname=PContent::Reply_DiscardBrowsingContext) Channel closing: too late to send/recv, messages will be lost


###!!! [Child][PContentChild] Error: RunMessage(msgname=PHttpChannel::Msg_DeleteSelf) Channel closing: too late to send/recv, messages will be lost


###!!! [Child][PContentChild] Error: RunMessage(msgname=PHttpChannel::Msg_DeleteSelf) Channel closing: too late to send/recv, messages will be lost


###!!! [Child][PContentChild] Error: RunMessage(msgname=PHttpChannel::Msg_DeleteSelf) Channel closing: too late to send/recv, messages will be lost

